ApplyPositionSettings: Position=TopCenter, CustomX=10, VerticalOffset=5, TargetMonitor=Primary, screenDevice=\\.\DISPLAY1, calculated (Left=750, Top=5)
Selection changed: tag=Position
Set ContentArea.Content to page of type PositionSettingsPage
ApplyPositionSettings: Position=TopCenter, CustomX=10, VerticalOffset=5, TargetMonitor=Primary, screenDevice=\\.\DISPLAY1, calculated (Left=750, Top=5)
ApplyPositionSettings: Position=TopCenter, CustomX=10, VerticalOffset=5, TargetMonitor=Primary, screenDevice=\\.\DISPLAY1, calculated (Left=750, Top=5)
ApplyPositionSettings: Position=TopCenter, CustomX=10, VerticalOffset=5, TargetMonitor=Primary, screenDevice=\\.\DISPLAY1, calculated (Left=750, Top=5)
ApplyPositionSettings: Position=TopCenter, CustomX=10, VerticalOffset=10, TargetMonitor=Primary, screenDevice=\\.\DISPLAY1, calculated (Left=750, Top=10)
ApplyPositionSettings: Position=TopCenter, CustomX=10, VerticalOffset=0, TargetMonitor=Primary, screenDevice=\\.\DISPLAY1, calculated (Left=750, Top=0)
ApplyPositionSettings: Position=TopCenter, CustomX=10, VerticalOffset=0, TargetMonitor=Primary, screenDevice=\\.\DISPLAY1, calculated (Left=750, Top=0)
ApplyPositionSettings: Position=TopCenter, CustomX=0, VerticalOffset=0, TargetMonitor=Primary, screenDevice=\\.\DISPLAY1, calculated (Left=740, Top=0)
ApplyPositionSettings: Position=TopCenter, CustomX=0, VerticalOffset=0, TargetMonitor=Primary, screenDevice=\\.\DISPLAY1, calculated (Left=740, Top=0)
Selection changed: tag=Position
Set ContentArea.Content to page of type PositionSettingsPage
ApplyPositionSettings: Position=TopCenter, CustomX=0, VerticalOffset=0, TargetMonitor=Primary, screenDevice=\\.\DISPLAY1, calculated (Left=740, Top=0)
ApplyPositionSettings: Position=TopCenter, CustomX=0, VerticalOffset=0, TargetMonitor=Primary, screenDevice=\\.\DISPLAY1, calculated (Left=740, Top=-12)
Selection changed: tag=Position
Set ContentArea.Content to page of type PositionSettingsPage
ApplyPositionSettings: Position=TopCenter, CustomX=0, VerticalOffset=0, TargetMonitor=Primary, screenDevice=\\.\DISPLAY1, calculated (Left=740, Top=-12)
ApplyPositionSettings: Position=TopCenter, CustomX=0, VerticalOffset=0, TargetMonitor=Primary, screenDevice=\\.\DISPLAY1, calculated (Left=740, Top=-12)
Selection changed: tag=Position
Set ContentArea.Content to page of type PositionSettingsPage
ApplyPositionSettings: Position=TopCenter, CustomX=0, VerticalOffset=0, TargetMonitor=Primary, screenDevice=\\.\DISPLAY1, calculated (Left=740, Top=-12)
ApplyPositionSettings: Position=TopCenter, CustomX=0, VerticalOffset=0, TargetMonitor=Primary, screenDevice=\\.\DISPLAY1, calculated (Left=740, Top=-12)
ApplyPositionSettings: Position=TopCenter, CustomX=0, VerticalOffset=0, TargetMonitor=Primary, screenDevice=\\.\DISPLAY1, calculated (Left=740, Top=-12)
Selection changed: tag=Position
Set ContentArea.Content to page of type PositionSettingsPage
ApplyPositionSettings: Position=TopCenter, CustomX=0, VerticalOffset=0, TargetMonitor=Primary, screenDevice=\\.\DISPLAY1, calculated (Left=740, Top=-12)
Selection changed: tag=Animations
Set ContentArea.Content to page of type AnimationsSettingsPage
ApplyPositionSettings: Position=TopCenter, CustomX=0, VerticalOffset=0, TargetMonitor=Primary, screenDevice=\\.\DISPLAY1, calculated (Left=740, Top=-12)
ApplyPositionSettings: Position=TopCenter, CustomX=0, VerticalOffset=0, TargetMonitor=Primary, screenDevice=\\.\DISPLAY1, calculated (Left=740, Top=-12)
ApplyPositionSettings: Position=TopCenter, CustomX=0, VerticalOffset=0, TargetMonitor=Primary, screenDevice=\\.\DISPLAY1, calculated (Left=740, Top=-12)
ApplyPositionSettings: Position=TopCenter, CustomX=0, VerticalOffset=0, TargetMonitor=Primary, screenDevice=\\.\DISPLAY1, calculated (Left=740, Top=-12)
ApplyPositionSettings: Position=TopCenter, CustomX=0, VerticalOffset=0, TargetMonitor=Primary, screenDevice=\\.\DISPLAY1, calculated (Left=740, Top=-12)
Selection changed: tag=Position
Set ContentArea.Content to page of type PositionSettingsPage
Selection changed: tag=Features
Set ContentArea.Content to page of type FeaturesSettingsPage
Selection changed: tag=Appearance
Set ContentArea.Content to page of type AppearanceSettingsPage
ApplyPositionSettings: Position=TopCenter, CustomX=0, VerticalOffset=0, TargetMonitor=Primary, screenDevice=\\.\DISPLAY1, calculated (Left=740, Top=-12)
ApplyPositionSettings: Position=TopCenter, CustomX=0, VerticalOffset=0, TargetMonitor=Primary, screenDevice=\\.\DISPLAY1, calculated (Left=740, Top=-12)
ApplyPositionSettings: Position=TopCenter, CustomX=0, VerticalOffset=0, TargetMonitor=Primary, screenDevice=\\.\DISPLAY1, calculated (Left=740, Top=-12)
ApplyPositionSettings: Position=TopCenter, CustomX=0, VerticalOffset=0, TargetMonitor=Primary, screenDevice=\\.\DISPLAY1, calculated (Left=740, Top=-12)
ApplyPositionSettings: Position=TopCenter, CustomX=0, VerticalOffset=0, TargetMonitor=Primary, screenDevice=\\.\DISPLAY1, calculated (Left=740, Top=-12)
ApplyPositionSettings: Position=TopCenter, CustomX=0, VerticalOffset=0, TargetMonitor=Primary, screenDevice=\\.\DISPLAY1, calculated (Left=740, Top=-12)
ApplyPositionSettings: Position=TopCenter, CustomX=0, VerticalOffset=0, TargetMonitor=Primary, screenDevice=\\.\DISPLAY1, calculated (Left=740, Top=-12)
ApplyPositionSettings: Position=TopCenter, CustomX=0, VerticalOffset=0, TargetMonitor=Primary, screenDevice=\\.\DISPLAY1, calculated (Left=740, Top=-12)
ApplyPositionSettings: Position=TopCenter, CustomX=0, VerticalOffset=0, TargetMonitor=Primary, screenDevice=\\.\DISPLAY1, calculated (Left=740, Top=-12)
ApplyPositionSettings: Position=TopCenter, CustomX=0, VerticalOffset=0, TargetMonitor=Primary, screenDevice=\\.\DISPLAY1, calculated (Left=740, Top=-12)
ApplyPositionSettings: Position=TopCenter, CustomX=0, VerticalOffset=0, TargetMonitor=Primary, screenDevice=\\.\DISPLAY1, calculated (Left=740, Top=-12)
ApplyPositionSettings: Position=TopCenter, CustomX=0, VerticalOffset=0, TargetMonitor=Primary, screenDevice=\\.\DISPLAY1, calculated (Left=740, Top=-12)
ApplyPositionSettings: Position=TopCenter, CustomX=0, VerticalOffset=0, TargetMonitor=Primary, screenDevice=\\.\DISPLAY1, calculated (Left=740, Top=-12)
ApplyPositionSettings: Position=TopCenter, CustomX=0, VerticalOffset=0, TargetMonitor=Primary, screenDevice=\\.\DISPLAY1, calculated (Left=740, Top=-12)
ApplyPositionSettings: Position=TopCenter, CustomX=0, VerticalOffset=0, TargetMonitor=Primary, screenDevice=\\.\DISPLAY1, calculated (Left=740, Top=-12)
ApplyPositionSettings: Position=TopCenter, CustomX=0, VerticalOffset=0, TargetMonitor=Primary, screenDevice=\\.\DISPLAY1, calculated (Left=740, Top=-12)
ApplyPositionSettings: Position=TopCenter, CustomX=0, VerticalOffset=0, TargetMonitor=Primary, screenDevice=\\.\DISPLAY1, calculated (Left=740, Top=-12)
ApplyPositionSettings: Position=TopCenter, CustomX=0, VerticalOffset=0, TargetMonitor=Primary, screenDevice=\\.\DISPLAY1, calculated (Left=740, Top=-12)
ApplyPositionSettings: Position=TopCenter, CustomX=0, VerticalOffset=0, TargetMonitor=Primary, screenDevice=\\.\DISPLAY1, calculated (Left=740, Top=-12)
ApplyPositionSettings: Position=TopCenter, CustomX=0, VerticalOffset=0, TargetMonitor=Primary, screenDevice=\\.\DISPLAY1, calculated (Left=740, Top=-12)
ApplyPositionSettings: Position=TopCenter, CustomX=0, VerticalOffset=0, TargetMonitor=Primary, screenDevice=\\.\DISPLAY1, calculated (Left=740, Top=-12)
ApplyPositionSettings: Position=TopCenter, CustomX=0, VerticalOffset=0, TargetMonitor=Primary, screenDevice=\\.\DISPLAY1, calculated (Left=740, Top=-12)
ApplyPositionSettings: Position=TopCenter, CustomX=0, VerticalOffset=0, TargetMonitor=Primary, screenDevice=\\.\DISPLAY1, calculated (Left=740, Top=-12)
ApplyPositionSettings: Position=TopCenter, CustomX=0, VerticalOffset=0, TargetMonitor=Primary, screenDevice=\\.\DISPLAY1, calculated (Left=740, Top=-12)
ApplyPositionSettings: Position=TopCenter, CustomX=0, VerticalOffset=0, TargetMonitor=Primary, screenDevice=\\.\DISPLAY1, calculated (Left=740, Top=-12)
ApplyPositionSettings: Position=TopCenter, CustomX=0, VerticalOffset=0, TargetMonitor=Primary, screenDevice=\\.\DISPLAY1, calculated (Left=740, Top=-12)
ApplyPositionSettings: Position=TopCenter, CustomX=0, VerticalOffset=0, TargetMonitor=Primary, screenDevice=\\.\DISPLAY1, calculated (Left=740, Top=-12)
ApplyPositionSettings: Position=TopCenter, CustomX=0, VerticalOffset=0, TargetMonitor=Primary, screenDevice=\\.\DISPLAY1, calculated (Left=740, Top=-12)
ApplyPositionSettings: Position=TopCenter, CustomX=0, VerticalOffset=0, TargetMonitor=Primary, screenDevice=\\.\DISPLAY1, calculated (Left=740, Top=-12)
ApplyPositionSettings: Position=TopCenter, CustomX=0, VerticalOffset=0, TargetMonitor=Primary, screenDevice=\\.\DISPLAY1, calculated (Left=740, Top=-12)
ApplyPositionSettings: Position=TopCenter, CustomX=0, VerticalOffset=0, TargetMonitor=Primary, screenDevice=\\.\DISPLAY1, calculated (Left=740, Top=-12)
ApplyPositionSettings: Position=TopCenter, CustomX=0, VerticalOffset=0, TargetMonitor=Primary, screenDevice=\\.\DISPLAY1, calculated (Left=740, Top=-12)
ApplyPositionSettings: Position=TopCenter, CustomX=0, VerticalOffset=0, TargetMonitor=Primary, screenDevice=\\.\DISPLAY1, calculated (Left=740, Top=-12)
ApplyPositionSettings: Position=TopCenter, CustomX=0, VerticalOffset=0, TargetMonitor=Primary, screenDevice=\\.\DISPLAY1, calculated (Left=740, Top=-12)
ApplyPositionSettings: Position=TopCenter, CustomX=0, VerticalOffset=0, TargetMonitor=Primary, screenDevice=\\.\DISPLAY1, calculated (Left=740, Top=-12)
ApplyPositionSettings: Position=TopCenter, CustomX=0, VerticalOffset=0, TargetMonitor=Primary, screenDevice=\\.\DISPLAY1, calculated (Left=740, Top=-12)
ApplyPositionSettings: Position=TopCenter, CustomX=0, VerticalOffset=0, TargetMonitor=Primary, screenDevice=\\.\DISPLAY1, calculated (Left=740, Top=-12)
ApplyPositionSettings: Position=TopCenter, CustomX=0, VerticalOffset=0, TargetMonitor=Primary, screenDevice=\\.\DISPLAY1, calculated (Left=740, Top=-12)
ApplyPositionSettings: Position=TopCenter, CustomX=0, VerticalOffset=0, TargetMonitor=Primary, screenDevice=\\.\DISPLAY1, calculated (Left=740, Top=-12)
ApplyPositionSettings: Position=TopCenter, CustomX=0, VerticalOffset=0, TargetMonitor=Primary, screenDevice=\\.\DISPLAY1, calculated (Left=740, Top=-12)
ApplyPositionSettings: Position=TopCenter, CustomX=0, VerticalOffset=0, TargetMonitor=Primary, screenDevice=\\.\DISPLAY1, calculated (Left=740, Top=-12)
ApplyPositionSettings: Position=TopCenter, CustomX=0, VerticalOffset=0, TargetMonitor=Primary, screenDevice=\\.\DISPLAY1, calculated (Left=740, Top=-12)
ApplyPositionSettings: Position=TopCenter, CustomX=0, VerticalOffset=0, TargetMonitor=Primary, screenDevice=\\.\DISPLAY1, calculated (Left=740, Top=-12)
ApplyPositionSettings: Position=TopCenter, CustomX=0, VerticalOffset=0, TargetMonitor=Primary, screenDevice=\\.\DISPLAY1, calculated (Left=740, Top=-12)
ApplyPositionSettings: Position=TopCenter, CustomX=0, VerticalOffset=0, TargetMonitor=Primary, screenDevice=\\.\DISPLAY1, calculated (Left=740, Top=-12)
ApplyPositionSettings: Position=TopCenter, CustomX=0, VerticalOffset=0, TargetMonitor=Primary, screenDevice=\\.\DISPLAY1, calculated (Left=740, Top=-12)
ApplyPositionSettings: Position=TopCenter, CustomX=0, VerticalOffset=0, TargetMonitor=Primary, screenDevice=\\.\DISPLAY1, calculated (Left=740, Top=-12)
ApplyPositionSettings: Position=TopCenter, CustomX=0, VerticalOffset=0, TargetMonitor=Primary, screenDevice=\\.\DISPLAY1, calculated (Left=740, Top=-12)
ApplyPositionSettings: Position=TopCenter, CustomX=0, VerticalOffset=0, TargetMonitor=Primary, screenDevice=\\.\DISPLAY1, calculated (Left=740, Top=-12)
ApplyPositionSettings: Position=TopCenter, CustomX=0, VerticalOffset=0, TargetMonitor=Primary, screenDevice=\\.\DISPLAY1, calculated (Left=740, Top=-12)
ApplyPositionSettings: Position=TopCenter, CustomX=0, VerticalOffset=0, TargetMonitor=Primary, screenDevice=\\.\DISPLAY1, calculated (Left=740, Top=-12)
ApplyPositionSettings: Position=TopCenter, CustomX=0, VerticalOffset=0, TargetMonitor=Primary, screenDevice=\\.\DISPLAY1, calculated (Left=740, Top=-12)
ApplyPositionSettings: Position=TopCenter, CustomX=0, VerticalOffset=0, TargetMonitor=Primary, screenDevice=\\.\DISPLAY1, calculated (Left=740, Top=-12)
ApplyPositionSettings: Position=TopCenter, CustomX=0, VerticalOffset=0, TargetMonitor=Primary, screenDevice=\\.\DISPLAY1, calculated (Left=740, Top=-12)
ApplyPositionSettings: Position=TopCenter, CustomX=0, VerticalOffset=0, TargetMonitor=Primary, screenDevice=\\.\DISPLAY1, calculated (Left=740, Top=-12)
ApplyPositionSettings: Position=TopCenter, CustomX=0, VerticalOffset=0, TargetMonitor=Primary, screenDevice=\\.\DISPLAY1, calculated (Left=740, Top=-12)
ApplyPositionSettings: Position=TopCenter, CustomX=0, VerticalOffset=0, TargetMonitor=Primary, screenDevice=\\.\DISPLAY1, calculated (Left=740, Top=-12)
ApplyPositionSettings: Position=TopCenter, CustomX=0, VerticalOffset=0, TargetMonitor=Primary, screenDevice=\\.\DISPLAY1, calculated (Left=740, Top=-12)
ApplyPositionSettings: Position=TopCenter, CustomX=0, VerticalOffset=0, TargetMonitor=Primary, screenDevice=\\.\DISPLAY1, calculated (Left=740, Top=-12)
ApplyPositionSettings: Position=TopCenter, CustomX=0, VerticalOffset=0, TargetMonitor=Primary, screenDevice=\\.\DISPLAY1, calculated (Left=740, Top=-12)
ApplyPositionSettings: Position=TopCenter, CustomX=0, VerticalOffset=0, TargetMonitor=Primary, screenDevice=\\.\DISPLAY1, calculated (Left=740, Top=-12)
ApplyPositionSettings: Position=TopCenter, CustomX=0, VerticalOffset=0, TargetMonitor=Primary, screenDevice=\\.\DISPLAY1, calculated (Left=740, Top=-12)
ApplyPositionSettings: Position=TopCenter, CustomX=0, VerticalOffset=0, TargetMonitor=Primary, screenDevice=\\.\DISPLAY1, calculated (Left=740, Top=-12)
ApplyPositionSettings: Position=TopCenter, CustomX=0, VerticalOffset=0, TargetMonitor=Primary, screenDevice=\\.\DISPLAY1, calculated (Left=740, Top=-12)
ApplyPositionSettings: Position=TopCenter, CustomX=0, VerticalOffset=0, TargetMonitor=Primary, screenDevice=\\.\DISPLAY1, calculated (Left=740, Top=-12)
ApplyPositionSettings: Position=TopCenter, CustomX=0, VerticalOffset=0, TargetMonitor=Primary, screenDevice=\\.\DISPLAY1, calculated (Left=740, Top=-12)
ApplyPositionSettings: Position=TopCenter, CustomX=0, VerticalOffset=0, TargetMonitor=Primary, screenDevice=\\.\DISPLAY1, calculated (Left=740, Top=-12)
ApplyPositionSettings: Position=TopCenter, CustomX=0, VerticalOffset=0, TargetMonitor=Primary, screenDevice=\\.\DISPLAY1, calculated (Left=740, Top=-12)
ApplyPositionSettings: Position=TopCenter, CustomX=0, VerticalOffset=0, TargetMonitor=Primary, screenDevice=\\.\DISPLAY1, calculated (Left=740, Top=-12)
ApplyPositionSettings: Position=TopCenter, CustomX=0, VerticalOffset=0, TargetMonitor=Primary, screenDevice=\\.\DISPLAY1, calculated (Left=740, Top=-12)
ApplyPositionSettings: Position=TopCenter, CustomX=0, VerticalOffset=0, TargetMonitor=Primary, screenDevice=\\.\DISPLAY1, calculated (Left=740, Top=-12)
ApplyPositionSettings: Position=TopCenter, CustomX=0, VerticalOffset=0, TargetMonitor=Primary, screenDevice=\\.\DISPLAY1, calculated (Left=740, Top=-12)
ApplyPositionSettings: Position=TopCenter, CustomX=0, VerticalOffset=0, TargetMonitor=Primary, screenDevice=\\.\DISPLAY1, calculated (Left=740, Top=-12)
ApplyPositionSettings: Position=TopCenter, CustomX=0, VerticalOffset=0, TargetMonitor=Primary, screenDevice=\\.\DISPLAY1, calculated (Left=740, Top=-12)
ApplyPositionSettings: Position=TopCenter, CustomX=0, VerticalOffset=0, TargetMonitor=Primary, screenDevice=\\.\DISPLAY1, calculated (Left=740, Top=-12)
ApplyPositionSettings: Position=TopCenter, CustomX=0, VerticalOffset=0, TargetMonitor=Primary, screenDevice=\\.\DISPLAY1, calculated (Left=740, Top=-12)
ApplyPositionSettings: Position=TopCenter, CustomX=0, VerticalOffset=0, TargetMonitor=Primary, screenDevice=\\.\DISPLAY1, calculated (Left=740, Top=-12)
ApplyPositionSettings: Position=TopCenter, CustomX=0, VerticalOffset=0, TargetMonitor=Primary, screenDevice=\\.\DISPLAY1, calculated (Left=740, Top=-12)
ApplyPositionSettings: Position=TopCenter, CustomX=0, VerticalOffset=0, TargetMonitor=Primary, screenDevice=\\.\DISPLAY1, calculated (Left=740, Top=-12)
ApplyPositionSettings: Position=TopCenter, CustomX=0, VerticalOffset=0, TargetMonitor=Primary, screenDevice=\\.\DISPLAY1, calculated (Left=740, Top=-12)
ApplyPositionSettings: Position=TopCenter, CustomX=0, VerticalOffset=0, TargetMonitor=Primary, screenDevice=\\.\DISPLAY1, calculated (Left=740, Top=-12)
ApplyPositionSettings: Position=TopCenter, CustomX=0, VerticalOffset=0, TargetMonitor=Primary, screenDevice=\\.\DISPLAY1, calculated (Left=740, Top=-12)
ApplyPositionSettings: Position=TopCenter, CustomX=0, VerticalOffset=0, TargetMonitor=Primary, screenDevice=\\.\DISPLAY1, calculated (Left=740, Top=-12)
ApplyPositionSettings: Position=TopCenter, CustomX=0, VerticalOffset=0, TargetMonitor=Primary, screenDevice=\\.\DISPLAY1, calculated (Left=740, Top=-12)
ApplyPositionSettings: Position=TopCenter, CustomX=0, VerticalOffset=0, TargetMonitor=Primary, screenDevice=\\.\DISPLAY1, calculated (Left=740, Top=-12)
ApplyPositionSettings: Position=TopCenter, CustomX=0, VerticalOffset=0, TargetMonitor=Primary, screenDevice=\\.\DISPLAY1, calculated (Left=740, Top=-12)
ApplyPositionSettings: Position=TopCenter, CustomX=0, VerticalOffset=0, TargetMonitor=Primary, screenDevice=\\.\DISPLAY1, calculated (Left=740, Top=-12)
ApplyPositionSettings: Position=TopCenter, CustomX=0, VerticalOffset=0, TargetMonitor=Primary, screenDevice=\\.\DISPLAY1, calculated (Left=740, Top=-12)
ApplyPositionSettings: Position=TopCenter, CustomX=0, VerticalOffset=0, TargetMonitor=Primary, screenDevice=\\.\DISPLAY1, calculated (Left=740, Top=-12)
ApplyPositionSettings: Position=TopCenter, CustomX=0, VerticalOffset=0, TargetMonitor=Primary, screenDevice=\\.\DISPLAY1, calculated (Left=740, Top=-12)
ApplyPositionSettings: Position=TopCenter, CustomX=0, VerticalOffset=0, TargetMonitor=Primary, screenDevice=\\.\DISPLAY1, calculated (Left=740, Top=-12)
ApplyPositionSettings: Position=TopCenter, CustomX=0, VerticalOffset=0, TargetMonitor=Primary, screenDevice=\\.\DISPLAY1, calculated (Left=740, Top=-12)
ApplyPositionSettings: Position=TopCenter, CustomX=0, VerticalOffset=0, TargetMonitor=Primary, screenDevice=\\.\DISPLAY1, calculated (Left=740, Top=-12)
ApplyPositionSettings: Position=TopCenter, CustomX=0, VerticalOffset=0, TargetMonitor=Primary, screenDevice=\\.\DISPLAY1, calculated (Left=740, Top=-12)
ApplyPositionSettings: Position=TopCenter, CustomX=0, VerticalOffset=0, TargetMonitor=Primary, screenDevice=\\.\DISPLAY1, calculated (Left=740, Top=-12)
ApplyPositionSettings: Position=TopCenter, CustomX=0, VerticalOffset=0, TargetMonitor=Primary, screenDevice=\\.\DISPLAY1, calculated (Left=740, Top=-12)
ApplyPositionSettings: Position=TopCenter, CustomX=0, VerticalOffset=0, TargetMonitor=Primary, screenDevice=\\.\DISPLAY1, calculated (Left=740, Top=-12)
ApplyPositionSettings: Position=TopCenter, CustomX=0, VerticalOffset=0, TargetMonitor=Primary, screenDevice=\\.\DISPLAY1, calculated (Left=740, Top=-12)
ApplyPositionSettings: Position=TopCenter, CustomX=0, VerticalOffset=0, TargetMonitor=Primary, screenDevice=\\.\DISPLAY1, calculated (Left=740, Top=-12)
ApplyPositionSettings: Position=TopCenter, CustomX=0, VerticalOffset=0, TargetMonitor=Primary, screenDevice=\\.\DISPLAY1, calculated (Left=740, Top=-12)
ApplyPositionSettings: Position=TopCenter, CustomX=0, VerticalOffset=0, TargetMonitor=Primary, screenDevice=\\.\DISPLAY1, calculated (Left=740, Top=-12)
ApplyPositionSettings: Position=TopCenter, CustomX=0, VerticalOffset=0, TargetMonitor=Primary, screenDevice=\\.\DISPLAY1, calculated (Left=740, Top=-12)
ApplyPositionSettings: Position=TopCenter, CustomX=0, VerticalOffset=0, TargetMonitor=Primary, screenDevice=\\.\DISPLAY1, calculated (Left=740, Top=-12)
ApplyPositionSettings: Position=TopCenter, CustomX=0, VerticalOffset=0, TargetMonitor=Primary, screenDevice=\\.\DISPLAY1, calculated (Left=740, Top=-12)
ApplyPositionSettings: Position=TopCenter, CustomX=0, VerticalOffset=0, TargetMonitor=Primary, screenDevice=\\.\DISPLAY1, calculated (Left=740, Top=-12)
ApplyPositionSettings: Position=TopCenter, CustomX=0, VerticalOffset=0, TargetMonitor=Primary, screenDevice=\\.\DISPLAY1, calculated (Left=740, Top=-12)
ApplyPositionSettings: Position=TopCenter, CustomX=0, VerticalOffset=0, TargetMonitor=Primary, screenDevice=\\.\DISPLAY1, calculated (Left=740, Top=-12)
ApplyPositionSettings: Position=TopCenter, CustomX=0, VerticalOffset=0, TargetMonitor=Primary, screenDevice=\\.\DISPLAY1, calculated (Left=740, Top=-12)
ApplyPositionSettings: Position=TopCenter, CustomX=0, VerticalOffset=0, TargetMonitor=Primary, screenDevice=\\.\DISPLAY1, calculated (Left=740, Top=-12)
ApplyPositionSettings: Position=TopCenter, CustomX=0, VerticalOffset=0, TargetMonitor=Primary, screenDevice=\\.\DISPLAY1, calculated (Left=740, Top=-12)
ApplyPositionSettings: Position=TopCenter, CustomX=0, VerticalOffset=0, TargetMonitor=Primary, screenDevice=\\.\DISPLAY1, calculated (Left=740, Top=-12)
ApplyPositionSettings: Position=TopCenter, CustomX=0, VerticalOffset=0, TargetMonitor=Primary, screenDevice=\\.\DISPLAY1, calculated (Left=740, Top=-12)
ApplyPositionSettings: Position=TopCenter, CustomX=0, VerticalOffset=0, TargetMonitor=Primary, screenDevice=\\.\DISPLAY1, calculated (Left=740, Top=-12)
ApplyPositionSettings: Position=TopCenter, CustomX=0, VerticalOffset=0, TargetMonitor=Primary, screenDevice=\\.\DISPLAY1, calculated (Left=740, Top=-12)
ApplyPositionSettings: Position=TopCenter, CustomX=0, VerticalOffset=0, TargetMonitor=Primary, screenDevice=\\.\DISPLAY1, calculated (Left=740, Top=-12)
ApplyPositionSettings: Position=TopCenter, CustomX=0, VerticalOffset=0, TargetMonitor=Primary, screenDevice=\\.\DISPLAY1, calculated (Left=740, Top=-12)
ApplyPositionSettings: Position=TopCenter, CustomX=0, VerticalOffset=0, TargetMonitor=Primary, screenDevice=\\.\DISPLAY1, calculated (Left=740, Top=-12)
ApplyPositionSettings: Position=TopCenter, CustomX=0, VerticalOffset=0, TargetMonitor=Primary, screenDevice=\\.\DISPLAY1, calculated (Left=740, Top=-12)
ApplyPositionSettings: Position=TopCenter, CustomX=0, VerticalOffset=0, TargetMonitor=Primary, screenDevice=\\.\DISPLAY1, calculated (Left=740, Top=-12)
ApplyPositionSettings: Position=TopCenter, CustomX=0, VerticalOffset=0, TargetMonitor=Primary, screenDevice=\\.\DISPLAY1, calculated (Left=740, Top=-12)
ApplyPositionSettings: Position=TopCenter, CustomX=0, VerticalOffset=0, TargetMonitor=Primary, screenDevice=\\.\DISPLAY1, calculated (Left=740, Top=-12)
ApplyPositionSettings: Position=TopCenter, CustomX=0, VerticalOffset=0, TargetMonitor=Primary, screenDevice=\\.\DISPLAY1, calculated (Left=740, Top=-12)
ApplyPositionSettings: Position=TopCenter, CustomX=0, VerticalOffset=0, TargetMonitor=Primary, screenDevice=\\.\DISPLAY1, calculated (Left=740, Top=-12)
ApplyPositionSettings: Position=TopCenter, CustomX=0, VerticalOffset=0, TargetMonitor=Primary, screenDevice=\\.\DISPLAY1, calculated (Left=740, Top=-12)
ApplyPositionSettings: Position=TopCenter, CustomX=0, VerticalOffset=0, TargetMonitor=Primary, screenDevice=\\.\DISPLAY1, calculated (Left=740, Top=-12)
ApplyPositionSettings: Position=TopCenter, CustomX=0, VerticalOffset=0, TargetMonitor=Primary, screenDevice=\\.\DISPLAY1, calculated (Left=740, Top=-12)
ApplyPositionSettings: Position=TopCenter, CustomX=0, VerticalOffset=0, TargetMonitor=Primary, screenDevice=\\.\DISPLAY1, calculated (Left=740, Top=-12)
ApplyPositionSettings: Position=TopCenter, CustomX=0, VerticalOffset=0, TargetMonitor=Primary, screenDevice=\\.\DISPLAY1, calculated (Left=740, Top=-12)
ApplyPositionSettings: Position=TopCenter, CustomX=0, VerticalOffset=0, TargetMonitor=Primary, screenDevice=\\.\DISPLAY1, calculated (Left=740, Top=-12)
ApplyPositionSettings: Position=TopCenter, CustomX=0, VerticalOffset=0, TargetMonitor=Primary, screenDevice=\\.\DISPLAY1, calculated (Left=740, Top=-12)
ApplyPositionSettings: Position=TopCenter, CustomX=0, VerticalOffset=0, TargetMonitor=Primary, screenDevice=\\.\DISPLAY1, calculated (Left=740, Top=-12)
ApplyPositionSettings: Position=TopCenter, CustomX=0, VerticalOffset=0, TargetMonitor=Primary, screenDevice=\\.\DISPLAY1, calculated (Left=740, Top=-12)
ApplyPositionSettings: Position=TopCenter, CustomX=0, VerticalOffset=0, TargetMonitor=Primary, screenDevice=\\.\DISPLAY1, calculated (Left=740, Top=-12)
ApplyPositionSettings: Position=TopCenter, CustomX=0, VerticalOffset=0, TargetMonitor=Primary, screenDevice=\\.\DISPLAY1, calculated (Left=740, Top=-12)
ApplyPositionSettings: Position=TopCenter, CustomX=0, VerticalOffset=0, TargetMonitor=Primary, screenDevice=\\.\DISPLAY1, calculated (Left=740, Top=-12)
ApplyPositionSettings: Position=TopCenter, CustomX=0, VerticalOffset=0, TargetMonitor=Primary, screenDevice=\\.\DISPLAY1, calculated (Left=740, Top=-12)
ApplyPositionSettings: Position=TopCenter, CustomX=0, VerticalOffset=0, TargetMonitor=Primary, screenDevice=\\.\DISPLAY1, calculated (Left=740, Top=-12)
ApplyPositionSettings: Position=TopCenter, CustomX=0, VerticalOffset=0, TargetMonitor=Primary, screenDevice=\\.\DISPLAY1, calculated (Left=740, Top=-12)
ApplyPositionSettings: Position=TopCenter, CustomX=0, VerticalOffset=0, TargetMonitor=Primary, screenDevice=\\.\DISPLAY1, calculated (Left=740, Top=-12)
ApplyPositionSettings: Position=TopCenter, CustomX=0, VerticalOffset=0, TargetMonitor=Primary, screenDevice=\\.\DISPLAY1, calculated (Left=740, Top=-12)
ApplyPositionSettings: Position=TopCenter, CustomX=0, VerticalOffset=0, TargetMonitor=Primary, screenDevice=\\.\DISPLAY1, calculated (Left=740, Top=-12)
ApplyPositionSettings: Position=TopCenter, CustomX=0, VerticalOffset=0, TargetMonitor=Primary, screenDevice=\\.\DISPLAY1, calculated (Left=740, Top=-12)
ApplyPositionSettings: Position=TopCenter, CustomX=0, VerticalOffset=0, TargetMonitor=Primary, screenDevice=\\.\DISPLAY1, calculated (Left=740, Top=-12)
ApplyPositionSettings: Position=TopCenter, CustomX=0, VerticalOffset=0, TargetMonitor=Primary, screenDevice=\\.\DISPLAY1, calculated (Left=740, Top=-12)
ApplyPositionSettings: Position=TopCenter, CustomX=0, VerticalOffset=0, TargetMonitor=Primary, screenDevice=\\.\DISPLAY1, calculated (Left=740, Top=-12)
ApplyPositionSettings: Position=TopCenter, CustomX=0, VerticalOffset=0, TargetMonitor=Primary, screenDevice=\\.\DISPLAY1, calculated (Left=740, Top=-12)
ApplyPositionSettings: Position=TopCenter, CustomX=0, VerticalOffset=0, TargetMonitor=Primary, screenDevice=\\.\DISPLAY1, calculated (Left=740, Top=-12)
ApplyPositionSettings: Position=TopCenter, CustomX=0, VerticalOffset=0, TargetMonitor=Primary, screenDevice=\\.\DISPLAY1, calculated (Left=740, Top=-12)
ApplyPositionSettings: Position=TopCenter, CustomX=0, VerticalOffset=0, TargetMonitor=Primary, screenDevice=\\.\DISPLAY1, calculated (Left=740, Top=-12)
ApplyPositionSettings: Position=TopCenter, CustomX=0, VerticalOffset=0, TargetMonitor=Primary, screenDevice=\\.\DISPLAY1, calculated (Left=740, Top=-12)
ApplyPositionSettings: Position=TopCenter, CustomX=0, VerticalOffset=0, TargetMonitor=Primary, screenDevice=\\.\DISPLAY1, calculated (Left=740, Top=-12)
ApplyPositionSettings: Position=TopCenter, CustomX=0, VerticalOffset=0, TargetMonitor=Primary, screenDevice=\\.\DISPLAY1, calculated (Left=740, Top=-12)
ApplyPositionSettings: Position=TopCenter, CustomX=0, VerticalOffset=0, TargetMonitor=Primary, screenDevice=\\.\DISPLAY1, calculated (Left=740, Top=-12)
ApplyPositionSettings: Position=TopCenter, CustomX=0, VerticalOffset=0, TargetMonitor=Primary, screenDevice=\\.\DISPLAY1, calculated (Left=740, Top=-12)
ApplyPositionSettings: Position=TopCenter, CustomX=0, VerticalOffset=0, TargetMonitor=Primary, screenDevice=\\.\DISPLAY1, calculated (Left=740, Top=-12)
ApplyPositionSettings: Position=TopCenter, CustomX=0, VerticalOffset=0, TargetMonitor=Primary, screenDevice=\\.\DISPLAY1, calculated (Left=740, Top=-12)
ApplyPositionSettings: Position=TopCenter, CustomX=0, VerticalOffset=0, TargetMonitor=Primary, screenDevice=\\.\DISPLAY1, calculated (Left=740, Top=-12)
ApplyPositionSettings: Position=TopCenter, CustomX=0, VerticalOffset=0, TargetMonitor=Primary, screenDevice=\\.\DISPLAY1, calculated (Left=740, Top=-12)
Selection changed: tag=Position
Set ContentArea.Content to page of type PositionSettingsPage
ApplyPositionSettings: Position=TopCenter, CustomX=0, VerticalOffset=0, TargetMonitor=Primary, screenDevice=\\.\DISPLAY1, calculated (Left=740, Top=-12)
Selection changed: tag=Animations
Set ContentArea.Content to page of type AnimationsSettingsPage
ApplyPositionSettings: Position=TopCenter, CustomX=0, VerticalOffset=0, TargetMonitor=Primary, screenDevice=\\.\DISPLAY1, calculated (Left=740, Top=-12)
ApplyPositionSettings: Position=TopCenter, CustomX=0, VerticalOffset=0, TargetMonitor=Primary, screenDevice=\\.\DISPLAY1, calculated (Left=740, Top=-12)
ApplyPositionSettings: Position=TopCenter, CustomX=0, VerticalOffset=0, TargetMonitor=Primary, screenDevice=\\.\DISPLAY1, calculated (Left=740, Top=-12)
ApplyPositionSettings: Position=TopCenter, CustomX=0, VerticalOffset=0, TargetMonitor=Primary, screenDevice=\\.\DISPLAY1, calculated (Left=740, Top=-12)
ApplyPositionSettings: Position=TopCenter, CustomX=0, VerticalOffset=0, TargetMonitor=Primary, screenDevice=\\.\DISPLAY1, calculated (Left=740, Top=-12)
ApplyPositionSettings: Position=TopCenter, CustomX=0, VerticalOffset=0, TargetMonitor=Primary, screenDevice=\\.\DISPLAY1, calculated (Left=740, Top=-12)
ApplyPositionSettings: Position=TopCenter, CustomX=0, VerticalOffset=0, TargetMonitor=Primary, screenDevice=\\.\DISPLAY1, calculated (Left=740, Top=-12)
Selection changed: tag=Exclusions
Set ContentArea.Content to page of type ExclusionsSettingsPage
Selection changed: tag=Interactions
Set ContentArea.Content to page of type InteractionsSettingsPage
ApplyPositionSettings: Position=TopCenter, CustomX=0, VerticalOffset=0, TargetMonitor=Primary, screenDevice=\\.\DISPLAY1, calculated (Left=740, Top=-12)
Selection changed: tag=Position
Set ContentArea.Content to page of type PositionSettingsPage
Selection changed: tag=Animations
Set ContentArea.Content to page of type AnimationsSettingsPage
ApplyPositionSettings: Position=TopCenter, CustomX=0, VerticalOffset=0, TargetMonitor=Primary, screenDevice=\\.\DISPLAY1, calculated (Left=740, Top=-12)
Selection changed: tag=Position
Set ContentArea.Content to page of type PositionSettingsPage
ApplyPositionSettings: Position=TopCenter, CustomX=0, VerticalOffset=0, TargetMonitor=Primary, screenDevice=\\.\DISPLAY1, calculated (Left=740, Top=-12)
ApplyPositionSettings: Position=TopCenter, CustomX=0, VerticalOffset=0, TargetMonitor=Active, screenDevice=\\.\DISPLAY1, calculated (Left=740, Top=-12)
ApplyPositionSettings: Position=TopCenter, CustomX=0, VerticalOffset=0, TargetMonitor=Primary, screenDevice=\\.\DISPLAY1, calculated (Left=740, Top=-12)
Selection changed: tag=Appearance
Set ContentArea.Content to page of type AppearanceSettingsPage
ApplyPositionSettings: Position=TopCenter, CustomX=0, VerticalOffset=0, TargetMonitor=Primary, screenDevice=\\.\DISPLAY1, calculated (Left=740, Top=-12)
ApplyPositionSettings: Position=TopCenter, CustomX=0, VerticalOffset=0, TargetMonitor=Primary, screenDevice=\\.\DISPLAY1, calculated (Left=740, Top=-12)
ApplyPositionSettings: Position=TopCenter, CustomX=0, VerticalOffset=0, TargetMonitor=Primary, screenDevice=\\.\DISPLAY1, calculated (Left=740, Top=-12)
ApplyPositionSettings: Position=TopCenter, CustomX=0, VerticalOffset=0, TargetMonitor=Primary, screenDevice=\\.\DISPLAY1, calculated (Left=740, Top=-12)
ApplyPositionSettings: Position=TopCenter, CustomX=0, VerticalOffset=0, TargetMonitor=Primary, screenDevice=\\.\DISPLAY1, calculated (Left=740, Top=-12)
ApplyPositionSettings: Position=TopCenter, CustomX=0, VerticalOffset=0, TargetMonitor=Primary, screenDevice=\\.\DISPLAY1, calculated (Left=740, Top=-12)
ApplyPositionSettings: Position=TopCenter, CustomX=0, VerticalOffset=0, TargetMonitor=Primary, screenDevice=\\.\DISPLAY1, calculated (Left=740, Top=-12)
ApplyPositionSettings: Position=TopCenter, CustomX=0, VerticalOffset=0, TargetMonitor=Primary, screenDevice=\\.\DISPLAY1, calculated (Left=740, Top=-12)
ApplyPositionSettings: Position=TopCenter, CustomX=0, VerticalOffset=0, TargetMonitor=Primary, screenDevice=\\.\DISPLAY1, calculated (Left=740, Top=-12)
ApplyPositionSettings: Position=TopCenter, CustomX=0, VerticalOffset=0, TargetMonitor=Primary, screenDevice=\\.\DISPLAY1, calculated (Left=740, Top=-12)
ApplyPositionSettings: Position=TopCenter, CustomX=0, VerticalOffset=0, TargetMonitor=Primary, screenDevice=\\.\DISPLAY1, calculated (Left=740, Top=-12)
ApplyPositionSettings: Position=TopCenter, CustomX=0, VerticalOffset=0, TargetMonitor=Primary, screenDevice=\\.\DISPLAY1, calculated (Left=740, Top=-12)
ApplyPositionSettings: Position=TopCenter, CustomX=0, VerticalOffset=0, TargetMonitor=Primary, screenDevice=\\.\DISPLAY1, calculated (Left=740, Top=-12)
ApplyPositionSettings: Position=TopCenter, CustomX=0, VerticalOffset=0, TargetMonitor=Primary, screenDevice=\\.\DISPLAY1, calculated (Left=740, Top=-12)
ApplyPositionSettings: Position=TopCenter, CustomX=0, VerticalOffset=0, TargetMonitor=Primary, screenDevice=\\.\DISPLAY1, calculated (Left=740, Top=-12)
ApplyPositionSettings: Position=TopCenter, CustomX=0, VerticalOffset=0, TargetMonitor=Primary, screenDevice=\\.\DISPLAY1, calculated (Left=740, Top=-12)
ApplyPositionSettings: Position=TopCenter, CustomX=0, VerticalOffset=0, TargetMonitor=Primary, screenDevice=\\.\DISPLAY1, calculated (Left=740, Top=-12)
ApplyPositionSettings: Position=TopCenter, CustomX=0, VerticalOffset=0, TargetMonitor=Primary, screenDevice=\\.\DISPLAY1, calculated (Left=740, Top=-12)
ApplyPositionSettings: Position=TopCenter, CustomX=0, VerticalOffset=0, TargetMonitor=Primary, screenDevice=\\.\DISPLAY1, calculated (Left=740, Top=-12)
ApplyPositionSettings: Position=TopCenter, CustomX=0, VerticalOffset=0, TargetMonitor=Primary, screenDevice=\\.\DISPLAY1, calculated (Left=740, Top=-12)
ApplyPositionSettings: Position=TopCenter, CustomX=0, VerticalOffset=0, TargetMonitor=Primary, screenDevice=\\.\DISPLAY1, calculated (Left=740, Top=-12)
ApplyPositionSettings: Position=TopCenter, CustomX=0, VerticalOffset=0, TargetMonitor=Primary, screenDevice=\\.\DISPLAY1, calculated (Left=740, Top=-12)
ApplyPositionSettings: Position=TopCenter, CustomX=0, VerticalOffset=0, TargetMonitor=Primary, screenDevice=\\.\DISPLAY1, calculated (Left=740, Top=-12)
ApplyPositionSettings: Position=TopCenter, CustomX=0, VerticalOffset=0, TargetMonitor=Primary, screenDevice=\\.\DISPLAY1, calculated (Left=740, Top=-12)
ApplyPositionSettings: Position=TopCenter, CustomX=0, VerticalOffset=0, TargetMonitor=Primary, screenDevice=\\.\DISPLAY1, calculated (Left=740, Top=-12)
ApplyPositionSettings: Position=TopCenter, CustomX=0, VerticalOffset=0, TargetMonitor=Primary, screenDevice=\\.\DISPLAY1, calculated (Left=740, Top=-12)
ApplyPositionSettings: Position=TopCenter, CustomX=0, VerticalOffset=0, TargetMonitor=Primary, screenDevice=\\.\DISPLAY1, calculated (Left=740, Top=-12)
ApplyPositionSettings: Position=TopCenter, CustomX=0, VerticalOffset=0, TargetMonitor=Primary, screenDevice=\\.\DISPLAY1, calculated (Left=740, Top=-12)
ApplyPositionSettings: Position=TopCenter, CustomX=0, VerticalOffset=0, TargetMonitor=Primary, screenDevice=\\.\DISPLAY1, calculated (Left=740, Top=-12)
ApplyPositionSettings: Position=TopCenter, CustomX=0, VerticalOffset=0, TargetMonitor=Primary, screenDevice=\\.\DISPLAY1, calculated (Left=740, Top=-12)
ApplyPositionSettings: Position=TopCenter, CustomX=0, VerticalOffset=0, TargetMonitor=Primary, screenDevice=\\.\DISPLAY1, calculated (Left=740, Top=-12)
ApplyPositionSettings: Position=TopCenter, CustomX=0, VerticalOffset=0, TargetMonitor=Primary, screenDevice=\\.\DISPLAY1, calculated (Left=740, Top=-12)
ApplyPositionSettings: Position=TopCenter, CustomX=0, VerticalOffset=0, TargetMonitor=Primary, screenDevice=\\.\DISPLAY1, calculated (Left=740, Top=-12)
ApplyPositionSettings: Position=TopCenter, CustomX=0, VerticalOffset=0, TargetMonitor=Primary, screenDevice=\\.\DISPLAY1, calculated (Left=740, Top=-12)
ApplyPositionSettings: Position=TopCenter, CustomX=0, VerticalOffset=0, TargetMonitor=Primary, screenDevice=\\.\DISPLAY1, calculated (Left=740, Top=-12)
ApplyPositionSettings: Position=TopCenter, CustomX=0, VerticalOffset=0, TargetMonitor=Primary, screenDevice=\\.\DISPLAY1, calculated (Left=740, Top=-12)
ApplyPositionSettings: Position=TopCenter, CustomX=0, VerticalOffset=0, TargetMonitor=Primary, screenDevice=\\.\DISPLAY1, calculated (Left=740, Top=-12)
ApplyPositionSettings: Position=TopCenter, CustomX=0, VerticalOffset=0, TargetMonitor=Primary, screenDevice=\\.\DISPLAY1, calculated (Left=740, Top=-12)
ApplyPositionSettings: Position=TopCenter, CustomX=0, VerticalOffset=0, TargetMonitor=Primary, screenDevice=\\.\DISPLAY1, calculated (Left=740, Top=-12)
ApplyPositionSettings: Position=TopCenter, CustomX=0, VerticalOffset=0, TargetMonitor=Primary, screenDevice=\\.\DISPLAY1, calculated (Left=740, Top=-12)
ApplyPositionSettings: Position=TopCenter, CustomX=0, VerticalOffset=0, TargetMonitor=Primary, screenDevice=\\.\DISPLAY1, calculated (Left=740, Top=-12)
ApplyPositionSettings: Position=TopCenter, CustomX=0, VerticalOffset=0, TargetMonitor=Primary, screenDevice=\\.\DISPLAY1, calculated (Left=740, Top=-12)
ApplyPositionSettings: Position=TopCenter, CustomX=0, VerticalOffset=0, TargetMonitor=Primary, screenDevice=\\.\DISPLAY1, calculated (Left=740, Top=-12)
ApplyPositionSettings: Position=TopCenter, CustomX=0, VerticalOffset=0, TargetMonitor=Primary, screenDevice=\\.\DISPLAY1, calculated (Left=740, Top=-12)
ApplyPositionSettings: Position=TopCenter, CustomX=0, VerticalOffset=0, TargetMonitor=Primary, screenDevice=\\.\DISPLAY1, calculated (Left=740, Top=-12)
ApplyPositionSettings: Position=TopCenter, CustomX=0, VerticalOffset=0, TargetMonitor=Primary, screenDevice=\\.\DISPLAY1, calculated (Left=740, Top=-12)
ApplyPositionSettings: Position=TopCenter, CustomX=0, VerticalOffset=0, TargetMonitor=Primary, screenDevice=\\.\DISPLAY1, calculated (Left=740, Top=-12)
ApplyPositionSettings: Position=TopCenter, CustomX=0, VerticalOffset=0, TargetMonitor=Primary, screenDevice=\\.\DISPLAY1, calculated (Left=740, Top=-12)
ApplyPositionSettings: Position=TopCenter, CustomX=0, VerticalOffset=0, TargetMonitor=Primary, screenDevice=\\.\DISPLAY1, calculated (Left=740, Top=-12)
ApplyPositionSettings: Position=TopCenter, CustomX=0, VerticalOffset=0, TargetMonitor=Primary, screenDevice=\\.\DISPLAY1, calculated (Left=740, Top=-12)
ApplyPositionSettings: Position=TopCenter, CustomX=0, VerticalOffset=0, TargetMonitor=Primary, screenDevice=\\.\DISPLAY1, calculated (Left=740, Top=-12)
ApplyPositionSettings: Position=TopCenter, CustomX=0, VerticalOffset=0, TargetMonitor=Primary, screenDevice=\\.\DISPLAY1, calculated (Left=740, Top=-12)
ApplyPositionSettings: Position=TopCenter, CustomX=0, VerticalOffset=0, TargetMonitor=Primary, screenDevice=\\.\DISPLAY1, calculated (Left=740, Top=-12)
ApplyPositionSettings: Position=TopCenter, CustomX=0, VerticalOffset=0, TargetMonitor=Primary, screenDevice=\\.\DISPLAY1, calculated (Left=740, Top=-12)
ApplyPositionSettings: Position=TopCenter, CustomX=0, VerticalOffset=0, TargetMonitor=Primary, screenDevice=\\.\DISPLAY1, calculated (Left=740, Top=-12)
ApplyPositionSettings: Position=TopCenter, CustomX=0, VerticalOffset=0, TargetMonitor=Primary, screenDevice=\\.\DISPLAY1, calculated (Left=740, Top=-12)
ApplyPositionSettings: Position=TopCenter, CustomX=0, VerticalOffset=0, TargetMonitor=Primary, screenDevice=\\.\DISPLAY1, calculated (Left=740, Top=-12)
ApplyPositionSettings: Position=TopCenter, CustomX=0, VerticalOffset=0, TargetMonitor=Primary, screenDevice=\\.\DISPLAY1, calculated (Left=740, Top=-12)
ApplyPositionSettings: Position=TopCenter, CustomX=0, VerticalOffset=0, TargetMonitor=Primary, screenDevice=\\.\DISPLAY1, calculated (Left=740, Top=-12)
ApplyPositionSettings: Position=TopCenter, CustomX=0, VerticalOffset=0, TargetMonitor=Primary, screenDevice=\\.\DISPLAY1, calculated (Left=740, Top=-12)
ApplyPositionSettings: Position=TopCenter, CustomX=0, VerticalOffset=0, TargetMonitor=Primary, screenDevice=\\.\DISPLAY1, calculated (Left=740, Top=-12)
ApplyPositionSettings: Position=TopCenter, CustomX=0, VerticalOffset=0, TargetMonitor=Primary, screenDevice=\\.\DISPLAY1, calculated (Left=740, Top=-12)
ApplyPositionSettings: Position=TopCenter, CustomX=0, VerticalOffset=0, TargetMonitor=Primary, screenDevice=\\.\DISPLAY1, calculated (Left=740, Top=-12)
ApplyPositionSettings: Position=TopCenter, CustomX=0, VerticalOffset=0, TargetMonitor=Primary, screenDevice=\\.\DISPLAY1, calculated (Left=740, Top=-12)
ApplyPositionSettings: Position=TopCenter, CustomX=0, VerticalOffset=0, TargetMonitor=Primary, screenDevice=\\.\DISPLAY1, calculated (Left=740, Top=-12)
ApplyPositionSettings: Position=TopCenter, CustomX=0, VerticalOffset=0, TargetMonitor=Primary, screenDevice=\\.\DISPLAY1, calculated (Left=740, Top=-12)
ApplyPositionSettings: Position=TopCenter, CustomX=0, VerticalOffset=0, TargetMonitor=Primary, screenDevice=\\.\DISPLAY1, calculated (Left=740, Top=-12)
ApplyPositionSettings: Position=TopCenter, CustomX=0, VerticalOffset=0, TargetMonitor=Primary, screenDevice=\\.\DISPLAY1, calculated (Left=740, Top=-12)
ApplyPositionSettings: Position=TopCenter, CustomX=0, VerticalOffset=0, TargetMonitor=Primary, screenDevice=\\.\DISPLAY1, calculated (Left=740, Top=-12)
ApplyPositionSettings: Position=TopCenter, CustomX=0, VerticalOffset=0, TargetMonitor=Primary, screenDevice=\\.\DISPLAY1, calculated (Left=740, Top=-12)
ApplyPositionSettings: Position=TopCenter, CustomX=0, VerticalOffset=0, TargetMonitor=Primary, screenDevice=\\.\DISPLAY1, calculated (Left=740, Top=-12)
ApplyPositionSettings: Position=TopCenter, CustomX=0, VerticalOffset=0, TargetMonitor=Primary, screenDevice=\\.\DISPLAY1, calculated (Left=740, Top=-12)
ApplyPositionSettings: Position=TopCenter, CustomX=0, VerticalOffset=0, TargetMonitor=Primary, screenDevice=\\.\DISPLAY1, calculated (Left=740, Top=-12)
ApplyPositionSettings: Position=TopCenter, CustomX=0, VerticalOffset=0, TargetMonitor=Primary, screenDevice=\\.\DISPLAY1, calculated (Left=740, Top=-12)
ApplyPositionSettings: Position=TopCenter, CustomX=0, VerticalOffset=0, TargetMonitor=Primary, screenDevice=\\.\DISPLAY1, calculated (Left=740, Top=-12)
ApplyPositionSettings: Position=TopCenter, CustomX=0, VerticalOffset=0, TargetMonitor=Primary, screenDevice=\\.\DISPLAY1, calculated (Left=740, Top=-12)
ApplyPositionSettings: Position=TopCenter, CustomX=0, VerticalOffset=0, TargetMonitor=Primary, screenDevice=\\.\DISPLAY1, calculated (Left=740, Top=-12)
ApplyPositionSettings: Position=TopCenter, CustomX=0, VerticalOffset=0, TargetMonitor=Primary, screenDevice=\\.\DISPLAY1, calculated (Left=740, Top=-12)
ApplyPositionSettings: Position=TopCenter, CustomX=0, VerticalOffset=0, TargetMonitor=Primary, screenDevice=\\.\DISPLAY1, calculated (Left=740, Top=-12)
ApplyPositionSettings: Position=TopCenter, CustomX=0, VerticalOffset=0, TargetMonitor=Primary, screenDevice=\\.\DISPLAY1, calculated (Left=740, Top=-12)
ApplyPositionSettings: Position=TopCenter, CustomX=0, VerticalOffset=0, TargetMonitor=Primary, screenDevice=\\.\DISPLAY1, calculated (Left=740, Top=-12)
ApplyPositionSettings: Position=TopCenter, CustomX=0, VerticalOffset=0, TargetMonitor=Primary, screenDevice=\\.\DISPLAY1, calculated (Left=740, Top=-12)
ApplyPositionSettings: Position=TopCenter, CustomX=0, VerticalOffset=0, TargetMonitor=Primary, screenDevice=\\.\DISPLAY1, calculated (Left=740, Top=-12)
ApplyPositionSettings: Position=TopCenter, CustomX=0, VerticalOffset=0, TargetMonitor=Primary, screenDevice=\\.\DISPLAY1, calculated (Left=740, Top=-12)
ApplyPositionSettings: Position=TopCenter, CustomX=0, VerticalOffset=0, TargetMonitor=Primary, screenDevice=\\.\DISPLAY1, calculated (Left=740, Top=-12)
ApplyPositionSettings: Position=TopCenter, CustomX=0, VerticalOffset=0, TargetMonitor=Primary, screenDevice=\\.\DISPLAY1, calculated (Left=740, Top=-12)
ApplyPositionSettings: Position=TopCenter, CustomX=0, VerticalOffset=0, TargetMonitor=Primary, screenDevice=\\.\DISPLAY1, calculated (Left=740, Top=-12)
ApplyPositionSettings: Position=TopCenter, CustomX=0, VerticalOffset=0, TargetMonitor=Primary, screenDevice=\\.\DISPLAY1, calculated (Left=740, Top=-12)
ApplyPositionSettings: Position=TopCenter, CustomX=0, VerticalOffset=0, TargetMonitor=Primary, screenDevice=\\.\DISPLAY1, calculated (Left=740, Top=-12)
ApplyPositionSettings: Position=TopCenter, CustomX=0, VerticalOffset=0, TargetMonitor=Primary, screenDevice=\\.\DISPLAY1, calculated (Left=740, Top=-12)
ApplyPositionSettings: Position=TopCenter, CustomX=0, VerticalOffset=0, TargetMonitor=Primary, screenDevice=\\.\DISPLAY1, calculated (Left=740, Top=-12)
ApplyPositionSettings: Position=TopCenter, CustomX=0, VerticalOffset=0, TargetMonitor=Primary, screenDevice=\\.\DISPLAY1, calculated (Left=740, Top=-12)
ApplyPositionSettings: Position=TopCenter, CustomX=0, VerticalOffset=0, TargetMonitor=Primary, screenDevice=\\.\DISPLAY1, calculated (Left=740, Top=-12)
ApplyPositionSettings: Position=TopCenter, CustomX=0, VerticalOffset=0, TargetMonitor=Primary, screenDevice=\\.\DISPLAY1, calculated (Left=740, Top=-12)
ApplyPositionSettings: Position=TopCenter, CustomX=0, VerticalOffset=0, TargetMonitor=Primary, screenDevice=\\.\DISPLAY1, calculated (Left=740, Top=-12)
ApplyPositionSettings: Position=TopCenter, CustomX=0, VerticalOffset=0, TargetMonitor=Primary, screenDevice=\\.\DISPLAY1, calculated (Left=740, Top=-12)
ApplyPositionSettings: Position=TopCenter, CustomX=0, VerticalOffset=0, TargetMonitor=Primary, screenDevice=\\.\DISPLAY1, calculated (Left=740, Top=-12)
ApplyPositionSettings: Position=TopCenter, CustomX=0, VerticalOffset=0, TargetMonitor=Primary, screenDevice=\\.\DISPLAY1, calculated (Left=740, Top=-12)
ApplyPositionSettings: Position=TopCenter, CustomX=0, VerticalOffset=0, TargetMonitor=Primary, screenDevice=\\.\DISPLAY1, calculated (Left=740, Top=-12)
ApplyPositionSettings: Position=TopCenter, CustomX=0, VerticalOffset=0, TargetMonitor=Primary, screenDevice=\\.\DISPLAY1, calculated (Left=740, Top=-12)
ApplyPositionSettings: Position=TopCenter, CustomX=0, VerticalOffset=0, TargetMonitor=Primary, screenDevice=\\.\DISPLAY1, calculated (Left=740, Top=-12)
ApplyPositionSettings: Position=TopCenter, CustomX=0, VerticalOffset=0, TargetMonitor=Primary, screenDevice=\\.\DISPLAY1, calculated (Left=740, Top=-12)
ApplyPositionSettings: Position=TopCenter, CustomX=0, VerticalOffset=0, TargetMonitor=Primary, screenDevice=\\.\DISPLAY1, calculated (Left=740, Top=-12)
ApplyPositionSettings: Position=TopCenter, CustomX=0, VerticalOffset=0, TargetMonitor=Primary, screenDevice=\\.\DISPLAY1, calculated (Left=740, Top=-12)
Selection changed: tag=Features
Set ContentArea.Content to page of type FeaturesSettingsPage
Selection changed: tag=Exclusions
Set ContentArea.Content to page of type ExclusionsSettingsPage
Selection changed: tag=Interactions
Set ContentArea.Content to page of type InteractionsSettingsPage
ApplyPositionSettings: Position=TopCenter, CustomX=0, VerticalOffset=0, TargetMonitor=Primary, screenDevice=\\.\DISPLAY1, calculated (Left=740, Top=-12)
ApplyPositionSettings: Position=TopCenter, CustomX=0, VerticalOffset=0, TargetMonitor=Primary, screenDevice=\\.\DISPLAY1, calculated (Left=740, Top=-12)
ApplyPositionSettings: Position=TopCenter, CustomX=0, VerticalOffset=0, TargetMonitor=Primary, screenDevice=\\.\DISPLAY1, calculated (Left=740, Top=-12)
Selection changed: tag=Position
Set ContentArea.Content to page of type PositionSettingsPage
ApplyPositionSettings: Position=TopCenter, CustomX=0, VerticalOffset=0, TargetMonitor=Primary, screenDevice=\\.\DISPLAY1, calculated (Left=740, Top=-12)
ApplyPositionSettings: Position=TopCenter, CustomX=0, VerticalOffset=0, TargetMonitor=Primary, screenDevice=\\.\DISPLAY1, calculated (Left=740, Top=-12)
Selection changed: tag=Position
Set ContentArea.Content to page of type PositionSettingsPage
ApplyPositionSettings: Position=TopCenter, CustomX=0, VerticalOffset=0, TargetMonitor=Primary, screenDevice=\\.\DISPLAY1, calculated (Left=740, Top=-12)
ApplyPositionSettings: Position=TopCenter, CustomX=0, VerticalOffset=0, TargetMonitor=Primary, screenDevice=\\.\DISPLAY1, calculated (Left=740, Top=-12)
Selection changed: tag=Position
Set ContentArea.Content to page of type PositionSettingsPage
ApplyPositionSettings: Position=TopCenter, CustomX=0, VerticalOffset=0, TargetMonitor=Primary, screenDevice=\\.\DISPLAY1, calculated (Left=740, Top=-12)
Selection changed: tag=Animations
Set ContentArea.Content to page of type AnimationsSettingsPage
ApplyPositionSettings: Position=TopCenter, CustomX=0, VerticalOffset=0, TargetMonitor=Primary, screenDevice=\\.\DISPLAY1, calculated (Left=740, Top=-12)
ApplyPositionSettings: Position=TopCenter, CustomX=0, VerticalOffset=0, TargetMonitor=Primary, screenDevice=\\.\DISPLAY1, calculated (Left=740, Top=-12)
ApplyPositionSettings: Position=TopCenter, CustomX=0, VerticalOffset=0, TargetMonitor=Primary, screenDevice=\\.\DISPLAY1, calculated (Left=740, Top=-12)
ApplyPositionSettings: Position=TopCenter, CustomX=0, VerticalOffset=0, TargetMonitor=Primary, screenDevice=\\.\DISPLAY1, calculated (Left=740, Top=-12)
ApplyPositionSettings: Position=TopCenter, CustomX=0, VerticalOffset=0, TargetMonitor=Primary, screenDevice=\\.\DISPLAY1, calculated (Left=740, Top=-12)
ApplyPositionSettings: Position=TopCenter, CustomX=0, VerticalOffset=0, TargetMonitor=Primary, screenDevice=\\.\DISPLAY1, calculated (Left=740, Top=-12)
Selection changed: tag=Position
Set ContentArea.Content to page of type PositionSettingsPage
ApplyPositionSettings: Position=TopCenter, CustomX=0, VerticalOffset=0, TargetMonitor=Primary, screenDevice=\\.\DISPLAY1, calculated (Left=740, Top=-12)
Selection changed: tag=Animations
Set ContentArea.Content to page of type AnimationsSettingsPage
ApplyPositionSettings: Position=TopCenter, CustomX=0, VerticalOffset=0, TargetMonitor=Primary, screenDevice=\\.\DISPLAY1, calculated (Left=740, Top=-12)
ApplyPositionSettings: Position=TopCenter, CustomX=0, VerticalOffset=0, TargetMonitor=Primary, screenDevice=\\.\DISPLAY1, calculated (Left=740, Top=-12)
Selection changed: tag=Interactions
Set ContentArea.Content to page of type InteractionsSettingsPage
ApplyPositionSettings: Position=TopCenter, CustomX=0, VerticalOffset=0, TargetMonitor=Primary, screenDevice=\\.\DISPLAY1, calculated (Left=740, Top=-12)
ApplyPositionSettings: Position=TopCenter, CustomX=0, VerticalOffset=0, TargetMonitor=Primary, screenDevice=\\.\DISPLAY1, calculated (Left=740, Top=-12)
ApplyPositionSettings: Position=TopCenter, CustomX=0, VerticalOffset=0, TargetMonitor=Primary, screenDevice=\\.\DISPLAY1, calculated (Left=740, Top=-12)
ApplyPositionSettings: Position=TopCenter, CustomX=0, VerticalOffset=0, TargetMonitor=Primary, screenDevice=\\.\DISPLAY1, calculated (Left=740, Top=-12)
ApplyPositionSettings: Position=TopCenter, CustomX=0, VerticalOffset=0, TargetMonitor=Primary, screenDevice=\\.\DISPLAY1, calculated (Left=740, Top=-12)
Selection changed: tag=Position
Set ContentArea.Content to page of type PositionSettingsPage
ApplyPositionSettings: Position=TopCenter, CustomX=0, VerticalOffset=0, TargetMonitor=Primary, screenDevice=\\.\DISPLAY1, calculated (Left=740, Top=-12)
Selection changed: tag=Appearance
Set ContentArea.Content to page of type AppearanceSettingsPage
Selection changed: tag=Exclusions
Set ContentArea.Content to page of type ExclusionsSettingsPage
ApplyPositionSettings: Position=TopCenter, CustomX=0, VerticalOffset=0, TargetMonitor=Primary, screenDevice=\\.\DISPLAY1, calculated (Left=740, Top=-12)
Selection changed: tag=Position
Set ContentArea.Content to page of type PositionSettingsPage
ApplyPositionSettings: Position=TopCenter, CustomX=0, VerticalOffset=0, TargetMonitor=Primary, screenDevice=\\.\DISPLAY1, calculated (Left=740, Top=-12)
ApplyPositionSettings: Position=TopCenter, CustomX=0, VerticalOffset=0, TargetMonitor=Primary, screenDevice=\\.\DISPLAY1, calculated (Left=740, Top=-12)
Selection changed: tag=Position
Set ContentArea.Content to page of type PositionSettingsPage
ApplyPositionSettings: Position=TopCenter, CustomX=0, VerticalOffset=0, TargetMonitor=Primary, screenDevice=\\.\DISPLAY1, calculated (Left=740, Top=-12)
ApplyPositionSettings: Position=TopCenter, CustomX=0, VerticalOffset=0, TargetMonitor=Primary, screenDevice=\\.\DISPLAY1, calculated (Left=740, Top=-12)
Selection changed: tag=Position
Set ContentArea.Content to page of type PositionSettingsPage
ApplyPositionSettings: Position=TopCenter, CustomX=0, VerticalOffset=0, TargetMonitor=Primary, screenDevice=\\.\DISPLAY1, calculated (Left=740, Top=-12)
ApplyPositionSettings: Position=TopCenter, CustomX=0, VerticalOffset=0, TargetMonitor=Primary, screenDevice=\\.\DISPLAY1, calculated (Left=740, Top=-12)
Selection changed: tag=Position
Set ContentArea.Content to page of type PositionSettingsPage
ApplyPositionSettings: Position=TopCenter, CustomX=0, VerticalOffset=0, TargetMonitor=Primary, screenDevice=\\.\DISPLAY1, calculated (Left=740, Top=-12)
Selection changed: tag=Animations
Set ContentArea.Content to page of type AnimationsSettingsPage
ApplyPositionSettings: Position=TopCenter, CustomX=0, VerticalOffset=0, TargetMonitor=Primary, screenDevice=\\.\DISPLAY1, calculated (Left=740, Top=-12)
Selection changed: tag=Position
Set ContentArea.Content to page of type PositionSettingsPage
ApplyPositionSettings: Position=TopCenter, CustomX=0, VerticalOffset=0, TargetMonitor=Primary, screenDevice=\\.\DISPLAY1, calculated (Left=740, Top=-12)
Selection changed: tag=Animations
Set ContentArea.Content to page of type AnimationsSettingsPage
ApplyPositionSettings: Position=TopCenter, CustomX=0, VerticalOffset=0, TargetMonitor=Primary, screenDevice=\\.\DISPLAY1, calculated (Left=740, Top=-12)
Selection changed: tag=Features
Set ContentArea.Content to page of type FeaturesSettingsPage
ApplyPositionSettings: Position=TopCenter, CustomX=0, VerticalOffset=0, TargetMonitor=Primary, screenDevice=\\.\DISPLAY1, calculated (Left=740, Top=-12)
Selection changed: tag=Position
Set ContentArea.Content to page of type PositionSettingsPage
ApplyPositionSettings: Position=TopCenter, CustomX=0, VerticalOffset=0, TargetMonitor=Primary, screenDevice=\\.\DISPLAY1, calculated (Left=740, Top=-12)
